This is pdfTeX, Version 3.141592653-2.6-1.40.25 (TeX Live 2023/Arch Linux) (preloaded format=pdflatex 2023.3.30)  31 MAR 2023 01:37
entering extended mode
 restricted \write18 enabled.
 %&-line parsing enabled.
**main.tex
(./main.tex
LaTeX2e <2022-11-01> patch level 1
L3 programming layer <2023-02-22>
(/usr/share/texmf-dist/tex/latex/base/article.cls
Document Class: article 2022/07/02 v1.4n Standard LaTeX document class
(/usr/share/texmf-dist/tex/latex/base/size10.clo
File: size10.clo 2022/07/02 v1.4n Standard LaTeX file (size option)
)
\c@part=\count185
\c@section=\count186
\c@subsection=\count187
\c@subsubsection=\count188
\c@paragraph=\count189
\c@subparagraph=\count190
\c@figure=\count191
\c@table=\count192
\abovecaptionskip=\skip48
\belowcaptionskip=\skip49
\bibindent=\dimen140
)
(/usr/share/texmf-dist/tex/latex/geometry/geometry.sty
Package: geometry 2020/01/02 v5.9 Page Geometry

(/usr/share/texmf-dist/tex/latex/graphics/keyval.sty
Package: keyval 2022/05/29 v1.15 key=value parser (DPC)
\KV@toks@=\toks16
)
(/usr/share/texmf-dist/tex/generic/iftex/ifvtex.sty
Package: ifvtex 2019/10/25 v1.7 ifvtex legacy package. Use iftex instead.

(/usr/share/texmf-dist/tex/generic/iftex/iftex.sty
Package: iftex 2022/02/03 v1.0f TeX engine tests
))
\Gm@cnth=\count193
\Gm@cntv=\count194
\c@Gm@tempcnt=\count195
\Gm@bindingoffset=\dimen141
\Gm@wd@mp=\dimen142
\Gm@odd@mp=\dimen143
\Gm@even@mp=\dimen144
\Gm@layoutwidth=\dimen145
\Gm@layoutheight=\dimen146
\Gm@layouthoffset=\dimen147
\Gm@layoutvoffset=\dimen148
\Gm@dimlist=\toks17
) (./packages.tex
(/usr/share/texmf-dist/tex/latex/amsmath/amsmath.sty
Package: amsmath 2022/04/08 v2.17n AMS math features
\@mathmargin=\skip50

For additional information on amsmath, use the `?' option.
(/usr/share/texmf-dist/tex/latex/amsmath/amstext.sty
Package: amstext 2021/08/26 v2.01 AMS text

(/usr/share/texmf-dist/tex/latex/amsmath/amsgen.sty
File: amsgen.sty 1999/11/30 v2.0 generic functions
\@emptytoks=\toks18
\ex@=\dimen149
))
(/usr/share/texmf-dist/tex/latex/amsmath/amsbsy.sty
Package: amsbsy 1999/11/29 v1.2d Bold Symbols
\pmbraise@=\dimen150
)
(/usr/share/texmf-dist/tex/latex/amsmath/amsopn.sty
Package: amsopn 2022/04/08 v2.04 operator names
)
\inf@bad=\count196
LaTeX Info: Redefining \frac on input line 234.
\uproot@=\count197
\leftroot@=\count198
LaTeX Info: Redefining \overline on input line 399.
LaTeX Info: Redefining \colon on input line 410.
\classnum@=\count199
\DOTSCASE@=\count266
LaTeX Info: Redefining \ldots on input line 496.
LaTeX Info: Redefining \dots on input line 499.
LaTeX Info: Redefining \cdots on input line 620.
\Mathstrutbox@=\box51
\strutbox@=\box52
LaTeX Info: Redefining \big on input line 722.
LaTeX Info: Redefining \Big on input line 723.
LaTeX Info: Redefining \bigg on input line 724.
LaTeX Info: Redefining \Bigg on input line 725.
\big@size=\dimen151
LaTeX Font Info:    Redeclaring font encoding OML on input line 743.
LaTeX Font Info:    Redeclaring font encoding OMS on input line 744.
\macc@depth=\count267
LaTeX Info: Redefining \bmod on input line 905.
LaTeX Info: Redefining \pmod on input line 910.
LaTeX Info: Redefining \smash on input line 940.
LaTeX Info: Redefining \relbar on input line 970.
LaTeX Info: Redefining \Relbar on input line 971.
\c@MaxMatrixCols=\count268
\dotsspace@=\muskip16
\c@parentequation=\count269
\dspbrk@lvl=\count270
\tag@help=\toks19
\row@=\count271
\column@=\count272
\maxfields@=\count273
\andhelp@=\toks20
\eqnshift@=\dimen152
\alignsep@=\dimen153
\tagshift@=\dimen154
\tagwidth@=\dimen155
\totwidth@=\dimen156
\lineht@=\dimen157
\@envbody=\toks21
\multlinegap=\skip51
\multlinetaggap=\skip52
\mathdisplay@stack=\toks22
LaTeX Info: Redefining \[ on input line 2953.
LaTeX Info: Redefining \] on input line 2954.
)
(/usr/share/texmf-dist/tex/latex/amsfonts/amssymb.sty
Package: amssymb 2013/01/14 v3.01 AMS font symbols

(/usr/share/texmf-dist/tex/latex/amsfonts/amsfonts.sty
Package: amsfonts 2013/01/14 v3.01 Basic AMSFonts support
\symAMSa=\mathgroup4
\symAMSb=\mathgroup5
LaTeX Font Info:    Redeclaring math symbol \hbar on input line 98.
LaTeX Font Info:    Overwriting math alphabet `\mathfrak' in version `bold'
(Font)                  U/euf/m/n --> U/euf/b/n on input line 106.
))
(/usr/share/texmf-dist/tex/latex/amscls/amsthm.sty
Package: amsthm 2020/05/29 v2.20.6
\thm@style=\toks23
\thm@bodyfont=\toks24
\thm@headfont=\toks25
\thm@notefont=\toks26
\thm@headpunct=\toks27
\thm@preskip=\skip53
\thm@postskip=\skip54
\thm@headsep=\skip55
\dth@everypar=\toks28
)
(/usr/share/texmf-dist/tex/latex/graphics/graphicx.sty
Package: graphicx 2021/09/16 v1.2d Enhanced LaTeX Graphics (DPC,SPQR)

(/usr/share/texmf-dist/tex/latex/graphics/graphics.sty
Package: graphics 2022/03/10 v1.4e Standard LaTeX Graphics (DPC,SPQR)

(/usr/share/texmf-dist/tex/latex/graphics/trig.sty
Package: trig 2021/08/11 v1.11 sin cos tan (DPC)
)
(/usr/share/texmf-dist/tex/latex/graphics-cfg/graphics.cfg
File: graphics.cfg 2016/06/04 v1.11 sample graphics configuration
)
Package graphics Info: Driver file: pdftex.def on input line 107.

(/usr/share/texmf-dist/tex/latex/graphics-def/pdftex.def
File: pdftex.def 2022/09/22 v1.2b Graphics/color driver for pdftex
))
\Gin@req@height=\dimen158
\Gin@req@width=\dimen159
)
(/usr/share/texmf-dist/tex/latex/listings/listings.sty
\lst@mode=\count274
\lst@gtempboxa=\box53
\lst@token=\toks29
\lst@length=\count275
\lst@currlwidth=\dimen160
\lst@column=\count276
\lst@pos=\count277
\lst@lostspace=\dimen161
\lst@width=\dimen162
\lst@newlines=\count278
\lst@lineno=\count279
\lst@maxwidth=\dimen163

(/usr/share/texmf-dist/tex/latex/listings/lstmisc.sty
File: lstmisc.sty 2023/02/27 1.9 (Carsten Heinz)
\c@lstnumber=\count280
\lst@skipnumbers=\count281
\lst@framebox=\box54
)
(/usr/share/texmf-dist/tex/latex/listings/listings.cfg
File: listings.cfg 2023/02/27 1.9 listings configuration
))
Package: listings 2023/02/27 1.9 (Carsten Heinz)

(/usr/share/texmf-dist/tex/latex/graphics/color.sty
Package: color 2022/01/06 v1.3d Standard LaTeX Color (DPC)

(/usr/share/texmf-dist/tex/latex/graphics-cfg/color.cfg
File: color.cfg 2016/01/02 v1.6 sample color configuration
)
Package color Info: Driver file: pdftex.def on input line 149.

(/usr/share/texmf-dist/tex/latex/graphics/mathcolor.ltx))
(/usr/share/texmf-dist/tex/latex/pgf/frontendlayer/tikz.sty
(/usr/share/texmf-dist/tex/latex/pgf/basiclayer/pgf.sty
(/usr/share/texmf-dist/tex/latex/pgf/utilities/pgfrcs.sty
(/usr/share/texmf-dist/tex/generic/pgf/utilities/pgfutil-common.tex
\pgfutil@everybye=\toks30
\pgfutil@tempdima=\dimen164
\pgfutil@tempdimb=\dimen165
)
(/usr/share/texmf-dist/tex/generic/pgf/utilities/pgfutil-latex.def
\pgfutil@abb=\box55
)
(/usr/share/texmf-dist/tex/generic/pgf/utilities/pgfrcs.code.tex
(/usr/share/texmf-dist/tex/generic/pgf/pgf.revision.tex)
Package: pgfrcs 2023-01-15 v3.1.10 (3.1.10)
))
Package: pgf 2023-01-15 v3.1.10 (3.1.10)

(/usr/share/texmf-dist/tex/latex/pgf/basiclayer/pgfcore.sty
(/usr/share/texmf-dist/tex/latex/pgf/systemlayer/pgfsys.sty
(/usr/share/texmf-dist/tex/generic/pgf/systemlayer/pgfsys.code.tex
Package: pgfsys 2023-01-15 v3.1.10 (3.1.10)

(/usr/share/texmf-dist/tex/generic/pgf/utilities/pgfkeys.code.tex
\pgfkeys@pathtoks=\toks31
\pgfkeys@temptoks=\toks32

(/usr/share/texmf-dist/tex/generic/pgf/utilities/pgfkeyslibraryfiltered.code.te
x
\pgfkeys@tmptoks=\toks33
))
\pgf@x=\dimen166
\pgf@y=\dimen167
\pgf@xa=\dimen168
\pgf@ya=\dimen169
\pgf@xb=\dimen170
\pgf@yb=\dimen171
\pgf@xc=\dimen172
\pgf@yc=\dimen173
\pgf@xd=\dimen174
\pgf@yd=\dimen175
\w@pgf@writea=\write3
\r@pgf@reada=\read2
\c@pgf@counta=\count282
\c@pgf@countb=\count283
\c@pgf@countc=\count284
\c@pgf@countd=\count285
\t@pgf@toka=\toks34
\t@pgf@tokb=\toks35
\t@pgf@tokc=\toks36
\pgf@sys@id@count=\count286
 (/usr/share/texmf-dist/tex/generic/pgf/systemlayer/pgf.cfg
File: pgf.cfg 2023-01-15 v3.1.10 (3.1.10)
)
Driver file for pgf: pgfsys-pdftex.def

(/usr/share/texmf-dist/tex/generic/pgf/systemlayer/pgfsys-pdftex.def
File: pgfsys-pdftex.def 2023-01-15 v3.1.10 (3.1.10)

(/usr/share/texmf-dist/tex/generic/pgf/systemlayer/pgfsys-common-pdf.def
File: pgfsys-common-pdf.def 2023-01-15 v3.1.10 (3.1.10)
)))
(/usr/share/texmf-dist/tex/generic/pgf/systemlayer/pgfsyssoftpath.code.tex
File: pgfsyssoftpath.code.tex 2023-01-15 v3.1.10 (3.1.10)
\pgfsyssoftpath@smallbuffer@items=\count287
\pgfsyssoftpath@bigbuffer@items=\count288
)
(/usr/share/texmf-dist/tex/generic/pgf/systemlayer/pgfsysprotocol.code.tex
File: pgfsysprotocol.code.tex 2023-01-15 v3.1.10 (3.1.10)
))
(/usr/share/texmf-dist/tex/latex/xcolor/xcolor.sty
Package: xcolor 2022/06/12 v2.14 LaTeX color extensions (UK)

(/usr/share/texmf-dist/tex/latex/graphics-cfg/color.cfg
File: color.cfg 2016/01/02 v1.6 sample color configuration
)
Package xcolor Info: Driver file: pdftex.def on input line 227.
LaTeX Info: Redefining \color on input line 711.

(/usr/share/texmf-dist/tex/latex/graphics/mathcolor.ltx)
Package xcolor Info: Model `cmy' substituted by `cmy0' on input line 1353.
Package xcolor Info: Model `hsb' substituted by `rgb' on input line 1357.
Package xcolor Info: Model `RGB' extended on input line 1369.
Package xcolor Info: Model `HTML' substituted by `rgb' on input line 1371.
Package xcolor Info: Model `Hsb' substituted by `hsb' on input line 1372.
Package xcolor Info: Model `tHsb' substituted by `hsb' on input line 1373.
Package xcolor Info: Model `HSB' substituted by `hsb' on input line 1374.
Package xcolor Info: Model `Gray' substituted by `gray' on input line 1375.
Package xcolor Info: Model `wave' substituted by `hsb' on input line 1376.
)
(/usr/share/texmf-dist/tex/generic/pgf/basiclayer/pgfcore.code.tex
Package: pgfcore 2023-01-15 v3.1.10 (3.1.10)

(/usr/share/texmf-dist/tex/generic/pgf/math/pgfmath.code.tex
(/usr/share/texmf-dist/tex/generic/pgf/math/pgfmathutil.code.tex)
(/usr/share/texmf-dist/tex/generic/pgf/math/pgfmathparser.code.tex
\pgfmath@dimen=\dimen176
\pgfmath@count=\count289
\pgfmath@box=\box56
\pgfmath@toks=\toks37
\pgfmath@stack@operand=\toks38
\pgfmath@stack@operation=\toks39
)
(/usr/share/texmf-dist/tex/generic/pgf/math/pgfmathfunctions.code.tex)
(/usr/share/texmf-dist/tex/generic/pgf/math/pgfmathfunctions.basic.code.tex)
(/usr/share/texmf-dist/tex/generic/pgf/math/pgfmathfunctions.trigonometric.code
.tex)
(/usr/share/texmf-dist/tex/generic/pgf/math/pgfmathfunctions.random.code.tex)
(/usr/share/texmf-dist/tex/generic/pgf/math/pgfmathfunctions.comparison.code.te
x) (/usr/share/texmf-dist/tex/generic/pgf/math/pgfmathfunctions.base.code.tex)
(/usr/share/texmf-dist/tex/generic/pgf/math/pgfmathfunctions.round.code.tex)
(/usr/share/texmf-dist/tex/generic/pgf/math/pgfmathfunctions.misc.code.tex)
(/usr/share/texmf-dist/tex/generic/pgf/math/pgfmathfunctions.integerarithmetics
.code.tex) (/usr/share/texmf-dist/tex/generic/pgf/math/pgfmathcalc.code.tex)
(/usr/share/texmf-dist/tex/generic/pgf/math/pgfmathfloat.code.tex
\c@pgfmathroundto@lastzeros=\count290
))
(/usr/share/texmf-dist/tex/generic/pgf/math/pgfint.code.tex)
(/usr/share/texmf-dist/tex/generic/pgf/basiclayer/pgfcorepoints.code.tex
File: pgfcorepoints.code.tex 2023-01-15 v3.1.10 (3.1.10)
\pgf@picminx=\dimen177
\pgf@picmaxx=\dimen178
\pgf@picminy=\dimen179
\pgf@picmaxy=\dimen180
\pgf@pathminx=\dimen181
\pgf@pathmaxx=\dimen182
\pgf@pathminy=\dimen183
\pgf@pathmaxy=\dimen184
\pgf@xx=\dimen185
\pgf@xy=\dimen186
\pgf@yx=\dimen187
\pgf@yy=\dimen188
\pgf@zx=\dimen189
\pgf@zy=\dimen190
)
(/usr/share/texmf-dist/tex/generic/pgf/basiclayer/pgfcorepathconstruct.code.tex
File: pgfcorepathconstruct.code.tex 2023-01-15 v3.1.10 (3.1.10)
\pgf@path@lastx=\dimen191
\pgf@path@lasty=\dimen192
) (/usr/share/texmf-dist/tex/generic/pgf/basiclayer/pgfcorepathusage.code.tex
File: pgfcorepathusage.code.tex 2023-01-15 v3.1.10 (3.1.10)
\pgf@shorten@end@additional=\dimen193
\pgf@shorten@start@additional=\dimen194
)
(/usr/share/texmf-dist/tex/generic/pgf/basiclayer/pgfcorescopes.code.tex
File: pgfcorescopes.code.tex 2023-01-15 v3.1.10 (3.1.10)
\pgfpic=\box57
\pgf@hbox=\box58
\pgf@layerbox@main=\box59
\pgf@picture@serial@count=\count291
)
(/usr/share/texmf-dist/tex/generic/pgf/basiclayer/pgfcoregraphicstate.code.tex
File: pgfcoregraphicstate.code.tex 2023-01-15 v3.1.10 (3.1.10)
\pgflinewidth=\dimen195
)
(/usr/share/texmf-dist/tex/generic/pgf/basiclayer/pgfcoretransformations.code.t
ex
File: pgfcoretransformations.code.tex 2023-01-15 v3.1.10 (3.1.10)
\pgf@pt@x=\dimen196
\pgf@pt@y=\dimen197
\pgf@pt@temp=\dimen198
) (/usr/share/texmf-dist/tex/generic/pgf/basiclayer/pgfcorequick.code.tex
File: pgfcorequick.code.tex 2023-01-15 v3.1.10 (3.1.10)
)
(/usr/share/texmf-dist/tex/generic/pgf/basiclayer/pgfcoreobjects.code.tex
File: pgfcoreobjects.code.tex 2023-01-15 v3.1.10 (3.1.10)
)
(/usr/share/texmf-dist/tex/generic/pgf/basiclayer/pgfcorepathprocessing.code.te
x
File: pgfcorepathprocessing.code.tex 2023-01-15 v3.1.10 (3.1.10)
) (/usr/share/texmf-dist/tex/generic/pgf/basiclayer/pgfcorearrows.code.tex
File: pgfcorearrows.code.tex 2023-01-15 v3.1.10 (3.1.10)
\pgfarrowsep=\dimen199
)
(/usr/share/texmf-dist/tex/generic/pgf/basiclayer/pgfcoreshade.code.tex
File: pgfcoreshade.code.tex 2023-01-15 v3.1.10 (3.1.10)
\pgf@max=\dimen256
\pgf@sys@shading@range@num=\count292
\pgf@shadingcount=\count293
)
(/usr/share/texmf-dist/tex/generic/pgf/basiclayer/pgfcoreimage.code.tex
File: pgfcoreimage.code.tex 2023-01-15 v3.1.10 (3.1.10)
)
(/usr/share/texmf-dist/tex/generic/pgf/basiclayer/pgfcoreexternal.code.tex
File: pgfcoreexternal.code.tex 2023-01-15 v3.1.10 (3.1.10)
\pgfexternal@startupbox=\box60
)
(/usr/share/texmf-dist/tex/generic/pgf/basiclayer/pgfcorelayers.code.tex
File: pgfcorelayers.code.tex 2023-01-15 v3.1.10 (3.1.10)
)
(/usr/share/texmf-dist/tex/generic/pgf/basiclayer/pgfcoretransparency.code.tex
File: pgfcoretransparency.code.tex 2023-01-15 v3.1.10 (3.1.10)
) (/usr/share/texmf-dist/tex/generic/pgf/basiclayer/pgfcorepatterns.code.tex
File: pgfcorepatterns.code.tex 2023-01-15 v3.1.10 (3.1.10)
)
(/usr/share/texmf-dist/tex/generic/pgf/basiclayer/pgfcorerdf.code.tex
File: pgfcorerdf.code.tex 2023-01-15 v3.1.10 (3.1.10)
)))
(/usr/share/texmf-dist/tex/generic/pgf/modules/pgfmoduleshapes.code.tex
File: pgfmoduleshapes.code.tex 2023-01-15 v3.1.10 (3.1.10)
\pgfnodeparttextbox=\box61
)
(/usr/share/texmf-dist/tex/generic/pgf/modules/pgfmoduleplot.code.tex
File: pgfmoduleplot.code.tex 2023-01-15 v3.1.10 (3.1.10)
)
(/usr/share/texmf-dist/tex/latex/pgf/compatibility/pgfcomp-version-0-65.sty
Package: pgfcomp-version-0-65 2023-01-15 v3.1.10 (3.1.10)
\pgf@nodesepstart=\dimen257
\pgf@nodesepend=\dimen258
)
(/usr/share/texmf-dist/tex/latex/pgf/compatibility/pgfcomp-version-1-18.sty
Package: pgfcomp-version-1-18 2023-01-15 v3.1.10 (3.1.10)
))
(/usr/share/texmf-dist/tex/latex/pgf/utilities/pgffor.sty
(/usr/share/texmf-dist/tex/latex/pgf/utilities/pgfkeys.sty
(/usr/share/texmf-dist/tex/generic/pgf/utilities/pgfkeys.code.tex))
(/usr/share/texmf-dist/tex/latex/pgf/math/pgfmath.sty
(/usr/share/texmf-dist/tex/generic/pgf/math/pgfmath.code.tex))
(/usr/share/texmf-dist/tex/generic/pgf/utilities/pgffor.code.tex
Package: pgffor 2023-01-15 v3.1.10 (3.1.10)
\pgffor@iter=\dimen259
\pgffor@skip=\dimen260
\pgffor@stack=\toks40
\pgffor@toks=\toks41
))
(/usr/share/texmf-dist/tex/generic/pgf/frontendlayer/tikz/tikz.code.tex
Package: tikz 2023-01-15 v3.1.10 (3.1.10)

(/usr/share/texmf-dist/tex/generic/pgf/libraries/pgflibraryplothandlers.code.te
x
File: pgflibraryplothandlers.code.tex 2023-01-15 v3.1.10 (3.1.10)
\pgf@plot@mark@count=\count294
\pgfplotmarksize=\dimen261
)
\tikz@lastx=\dimen262
\tikz@lasty=\dimen263
\tikz@lastxsaved=\dimen264
\tikz@lastysaved=\dimen265
\tikz@lastmovetox=\dimen266
\tikz@lastmovetoy=\dimen267
\tikzleveldistance=\dimen268
\tikzsiblingdistance=\dimen269
\tikz@figbox=\box62
\tikz@figbox@bg=\box63
\tikz@tempbox=\box64
\tikz@tempbox@bg=\box65
\tikztreelevel=\count295
\tikznumberofchildren=\count296
\tikznumberofcurrentchild=\count297
\tikz@fig@count=\count298
 (/usr/share/texmf-dist/tex/generic/pgf/modules/pgfmodulematrix.code.tex
File: pgfmodulematrix.code.tex 2023-01-15 v3.1.10 (3.1.10)
\pgfmatrixcurrentrow=\count299
\pgfmatrixcurrentcolumn=\count300
\pgf@matrix@numberofcolumns=\count301
)
\tikz@expandcount=\count302

(/usr/share/texmf-dist/tex/generic/pgf/frontendlayer/tikz/libraries/tikzlibrary
topaths.code.tex
File: tikzlibrarytopaths.code.tex 2023-01-15 v3.1.10 (3.1.10)
))) (/usr/share/texmf-dist/tex/latex/pgfplots/pgfplots.sty
(/usr/share/texmf-dist/tex/generic/pgfplots/pgfplots.revision.tex)
Package: pgfplots 2021/05/15 v1.18.1 Data Visualization (1.18.1)

(/usr/share/texmf-dist/tex/generic/pgfplots/pgfplots.code.tex
(/usr/share/texmf-dist/tex/generic/pgfplots/pgfplotscore.code.tex
\t@pgfplots@toka=\toks42
\t@pgfplots@tokb=\toks43
\t@pgfplots@tokc=\toks44
\pgfplots@tmpa=\dimen270
\c@pgfplots@coordindex=\count303
\c@pgfplots@scanlineindex=\count304

(/usr/share/texmf-dist/tex/generic/pgfplots/sys/pgfplotssysgeneric.code.tex))
(/usr/share/texmf-dist/tex/generic/pgfplots/libs/pgfplotslibrary.code.tex)
(/usr/share/texmf-dist/tex/generic/pgfplots/oldpgfcompatib/pgfplotsoldpgfsupp_l
oader.code.tex
(/usr/share/texmf-dist/tex/generic/pgf/libraries/pgflibraryfpu.code.tex)
Package pgfplots: loading complementary utilities for your pgf version...
\t@pgf@toka=\toks45
\t@pgf@tokb=\toks46
\t@pgf@tokc=\toks47

(/usr/share/texmf-dist/tex/generic/pgfplots/oldpgfcompatib/pgfplotsoldpgfsupp_p
gfutil-common-lists.tex))
(/usr/share/texmf-dist/tex/generic/pgfplots/util/pgfplotsutil.code.tex
(/usr/share/texmf-dist/tex/generic/pgfplots/liststructure/pgfplotsliststructure
.code.tex)
(/usr/share/texmf-dist/tex/generic/pgfplots/liststructure/pgfplotsliststructure
ext.code.tex)
(/usr/share/texmf-dist/tex/generic/pgfplots/liststructure/pgfplotsarray.code.te
x
\c@pgfplotsarray@tmp=\count305
)
(/usr/share/texmf-dist/tex/generic/pgfplots/liststructure/pgfplotsmatrix.code.t
ex)
(/usr/share/texmf-dist/tex/generic/pgfplots/numtable/pgfplotstableshared.code.t
ex
\c@pgfplotstable@counta=\count306
\t@pgfplotstable@a=\toks48
)
(/usr/share/texmf-dist/tex/generic/pgfplots/liststructure/pgfplotsdeque.code.te
x) (/usr/share/texmf-dist/tex/generic/pgfplots/util/pgfplotsbinary.code.tex
(/usr/share/texmf-dist/tex/generic/pgfplots/util/pgfplotsbinary.data.code.tex))
(/usr/share/texmf-dist/tex/generic/pgfplots/util/pgfplotsutil.verb.code.tex)
(/usr/share/texmf-dist/tex/generic/pgfplots/libs/pgflibrarypgfplots.surfshading
.code.tex
\c@pgfplotslibrarysurf@no=\count307

(/usr/share/texmf-dist/tex/generic/pgfplots/sys/pgflibrarypgfplots.surfshading.
pgfsys-pdftex.def)))
(/usr/share/texmf-dist/tex/generic/pgfplots/util/pgfplotscolormap.code.tex
(/usr/share/texmf-dist/tex/generic/pgfplots/util/pgfplotscolor.code.tex))
(/usr/share/texmf-dist/tex/generic/pgfplots/pgfplotsstackedplots.code.tex)
(/usr/share/texmf-dist/tex/generic/pgfplots/pgfplotsplothandlers.code.tex
(/usr/share/texmf-dist/tex/generic/pgfplots/pgfplotsmeshplothandler.code.tex
(/usr/share/texmf-dist/tex/generic/pgfplots/pgfplotsmeshplotimage.code.tex)))
(/usr/share/texmf-dist/tex/generic/pgfplots/pgfplots.scaling.code.tex)
(/usr/share/texmf-dist/tex/generic/pgfplots/pgfplotscoordprocessing.code.tex)
(/usr/share/texmf-dist/tex/generic/pgfplots/pgfplots.errorbars.code.tex)
(/usr/share/texmf-dist/tex/generic/pgfplots/pgfplots.markers.code.tex)
(/usr/share/texmf-dist/tex/generic/pgfplots/pgfplotsticks.code.tex)
(/usr/share/texmf-dist/tex/generic/pgfplots/pgfplots.paths.code.tex)
(/usr/share/texmf-dist/tex/generic/pgf/frontendlayer/tikz/libraries/tikzlibrary
decorations.code.tex
(/usr/share/texmf-dist/tex/generic/pgf/modules/pgfmoduledecorations.code.tex
\pgfdecoratedcompleteddistance=\dimen271
\pgfdecoratedremainingdistance=\dimen272
\pgfdecoratedinputsegmentcompleteddistance=\dimen273
\pgfdecoratedinputsegmentremainingdistance=\dimen274
\pgf@decorate@distancetomove=\dimen275
\pgf@decorate@repeatstate=\count308
\pgfdecorationsegmentamplitude=\dimen276
\pgfdecorationsegmentlength=\dimen277
)
\tikz@lib@dec@box=\box66
)
(/usr/share/texmf-dist/tex/generic/pgf/frontendlayer/tikz/libraries/tikzlibrary
decorations.pathmorphing.code.tex
(/usr/share/texmf-dist/tex/generic/pgf/libraries/decorations/pgflibrarydecorati
ons.pathmorphing.code.tex))
(/usr/share/texmf-dist/tex/generic/pgf/frontendlayer/tikz/libraries/tikzlibrary
decorations.pathreplacing.code.tex
(/usr/share/texmf-dist/tex/generic/pgf/libraries/decorations/pgflibrarydecorati
ons.pathreplacing.code.tex))
(/usr/share/texmf-dist/tex/generic/pgfplots/libs/tikzlibrarypgfplots.contourlua
.code.tex)
\pgfplots@numplots=\count309
\pgfplots@xmin@reg=\dimen278
\pgfplots@xmax@reg=\dimen279
\pgfplots@ymin@reg=\dimen280
\pgfplots@ymax@reg=\dimen281
\pgfplots@zmin@reg=\dimen282
\pgfplots@zmax@reg=\dimen283
)
(/usr/share/texmf-dist/tex/generic/pgf/frontendlayer/tikz/libraries/tikzlibrary
plotmarks.code.tex
File: tikzlibraryplotmarks.code.tex 2023-01-15 v3.1.10 (3.1.10)

(/usr/share/texmf-dist/tex/generic/pgf/libraries/pgflibraryplotmarks.code.tex
File: pgflibraryplotmarks.code.tex 2023-01-15 v3.1.10 (3.1.10)
))) (/usr/share/texmf-dist/tex/latex/titlesec/titlesec.sty
Package: titlesec 2021/07/05 v2.14 Sectioning titles
\ttl@box=\box67
\beforetitleunit=\skip56
\aftertitleunit=\skip57
\ttl@plus=\dimen284
\ttl@minus=\dimen285
\ttl@toksa=\toks49
\titlewidth=\dimen286
\titlewidthlast=\dimen287
\titlewidthfirst=\dimen288
)
(/usr/share/texmf-dist/tex/latex/glossaries/base/glossaries.sty
Package: glossaries 2022/11/03 v4.52 (NLCT)

(/usr/share/texmf-dist/tex/latex/base/ifthen.sty
Package: ifthen 2022/04/13 v1.1d Standard LaTeX ifthen package (DPC)
)
(/usr/share/texmf-dist/tex/latex/xkeyval/xkeyval.sty
Package: xkeyval 2022/06/16 v2.9 package option processing (HA)

(/usr/share/texmf-dist/tex/generic/xkeyval/xkeyval.tex
(/usr/share/texmf-dist/tex/generic/xkeyval/xkvutils.tex
\XKV@toks=\toks50
\XKV@tempa@toks=\toks51
)
\XKV@depth=\count310
File: xkeyval.tex 2014/12/03 v2.7a key=value parser (HA)
))
(/usr/share/texmf-dist/tex/latex/mfirstuc/mfirstuc.sty
Package: mfirstuc 2022/10/14 v2.08 (NLCT)

(/usr/share/texmf-dist/tex/latex/etoolbox/etoolbox.sty
Package: etoolbox 2020/10/05 v2.5k e-TeX tools for LaTeX (JAW)
\etb@tempcnta=\count311
)
\@glsmfirst=\toks52
\@glsmrest=\toks53
)
(/usr/share/texmf-dist/tex/latex/xfor/xfor.sty
Package: xfor 2009/02/05 v1.05 (NLCT)
)
(/usr/share/texmf-dist/tex/latex/datatool/datatool-base.sty
Package: datatool-base 2019/09/27 v2.32 (NLCT)

(/usr/share/texmf-dist/tex/latex/substr/substr.sty
Package: substr 2009/10/20 v1.2 Handle substrings
\c@su@anzahl=\count312
)
(/usr/share/texmf-dist/tex/latex/datatool/datatool-fp.sty
Package: datatool-fp 2019/09/27 v2.32 (NLCT)

(/usr/share/texmf-dist/tex/latex/fp/fp.sty
Package: fp 1995/04/02

`Fixed Point Package', Version 0.8, April 2, 1995 (C) Michael Mehlich
(/usr/share/texmf-dist/tex/latex/fp/defpattern.sty
Package: defpattern 1994/10/12
\actioncount=\count313
)
(/usr/share/texmf-dist/tex/latex/fp/fp-basic.sty
Package: fp-basic 1996/05/13
\FP@xs=\count314
\FP@xia=\count315
\FP@xib=\count316
\FP@xfa=\count317
\FP@xfb=\count318
\FP@rega=\count319
\FP@regb=\count320
\FP@regs=\count321
\FP@times=\count322
)
(/usr/share/texmf-dist/tex/latex/fp/fp-addons.sty
Package: fp-addons 1995/03/15
)
(/usr/share/texmf-dist/tex/latex/fp/fp-snap.sty
Package: fp-snap 1995/04/05
)
(/usr/share/texmf-dist/tex/latex/fp/fp-exp.sty
Package: fp-exp 1995/04/03
)
(/usr/share/texmf-dist/tex/latex/fp/fp-trigo.sty
Package: fp-trigo 1995/04/14
)
(/usr/share/texmf-dist/tex/latex/fp/fp-pas.sty
Package: fp-pas 1994/08/29
)
(/usr/share/texmf-dist/tex/latex/fp/fp-random.sty
Package: fp-random 1995/02/23
\FPseed=\count323
)
(/usr/share/texmf-dist/tex/latex/fp/fp-eqn.sty
Package: fp-eqn 1995/04/03
)
(/usr/share/texmf-dist/tex/latex/fp/fp-upn.sty
Package: fp-upn 1996/10/21
)
(/usr/share/texmf-dist/tex/latex/fp/fp-eval.sty
Package: fp-eval 1995/04/03
)))
\@dtl@toks=\toks54
\@dtl@tmpcount=\count324
\dtl@tmplength=\skip58
\dtl@sortresult=\count325
\@dtl@numgrpsepcount=\count326
\@dtl@datatype=\count327
\dtl@codeA=\count328
\dtl@codeB=\count329
\@dtl@foreach@level=\count330
)
\gls@level=\count331
\@gls@tmpb=\toks55
\gls@tmplen=\skip59
\glskeylisttok=\toks56
\glslabeltok=\toks57
\glsshorttok=\toks58
\glslongtok=\toks59

(/usr/share/texmf-dist/tex/latex/glossaries/styles/glossary-hypernav.sty
Package: glossary-hypernav 2022/11/03 v4.52 (NLCT)
)
(/usr/share/texmf-dist/tex/latex/glossaries/styles/glossary-list.sty
Package: glossary-list 2022/11/03 v4.52 (NLCT)
\glslistdottedwidth=\skip60
)
(/usr/share/texmf-dist/tex/latex/glossaries/styles/glossary-long.sty
Package: glossary-long 2022/11/03 v4.52 (NLCT)

(/usr/share/texmf-dist/tex/latex/tools/longtable.sty
Package: longtable 2021-09-01 v4.17 Multi-page Table package (DPC)
\LTleft=\skip61
\LTright=\skip62
\LTpre=\skip63
\LTpost=\skip64
\LTchunksize=\count332
\LTcapwidth=\dimen289
\LT@head=\box68
\LT@firsthead=\box69
\LT@foot=\box70
\LT@lastfoot=\box71
\LT@gbox=\box72
\LT@cols=\count333
\LT@rows=\count334
\c@LT@tables=\count335
\c@LT@chunks=\count336
\LT@p@ftn=\toks60
)
\glsdescwidth=\skip65
\glspagelistwidth=\skip66
)
(/usr/share/texmf-dist/tex/latex/glossaries/styles/glossary-super.sty
Package: glossary-super 2022/11/03 v4.52 (NLCT)

(/usr/share/texmf-dist/tex/latex/supertabular/supertabular.sty
Package: supertabular 2020/02/02 v4.1g the supertabular environment
\c@tracingst=\count337
\ST@wd=\dimen290
\ST@rightskip=\skip67
\ST@leftskip=\skip68
\ST@parfillskip=\skip69
\ST@pageleft=\dimen291
\ST@headht=\dimen292
\ST@tailht=\dimen293
\ST@pagesofar=\dimen294
\ST@pboxht=\dimen295
\ST@lineht=\dimen296
\ST@prevht=\dimen297
\ST@toadd=\dimen298
\ST@dimen=\dimen299
\ST@pbox=\box73
))
(/usr/share/texmf-dist/tex/latex/glossaries/styles/glossary-tree.sty
Package: glossary-tree 2022/11/03 v4.52 (NLCT)
\glstreeindent=\skip70
))
(/usr/share/texmf-dist/tex/generic/pgf/libraries/pgflibraryarrows.meta.code.tex
File: pgflibraryarrows.meta.code.tex 2023-01-15 v3.1.10 (3.1.10)
\pgfarrowinset=\dimen300
\pgfarrowlength=\dimen301
\pgfarrowwidth=\dimen302
\pgfarrowlinewidth=\dimen303
) (/usr/share/texmf-dist/tex/latex/spath3/tikzlibrarycalligraphy.code.tex
(/usr/share/texmf-dist/tex/latex/spath3/spath3.sty
(/usr/share/texmf-dist/tex/latex/l3kernel/expl3.sty
Package: expl3 2023-02-22 L3 programming layer (loader) 

(/usr/share/texmf-dist/tex/latex/l3backend/l3backend-pdftex.def
File: l3backend-pdftex.def 2023-01-16 L3 backend support: PDF output (pdfTeX)
\l__color_backend_stack_int=\count338
\l__pdf_internal_box=\box74
))
Package: spath3 2022/08/24 v2.7 Functions for manipulating PGF soft paths

(/usr/share/texmf-dist/tex/latex/l3packages/xparse/xparse.sty
Package: xparse 2023-02-02 L3 Experimental document command parser
)
\g__spath_output_int=\count339
\l__spath_tmpa_dim=\dimen304
\l__spath_tmpb_dim=\dimen305
\l__spath_tmpa_int=\count340
\l__spath_tmpb_int=\count341
\l__spath_move_x_dim=\dimen306
\l__spath_move_y_dim=\dimen307
\l__spath_rectx_dim=\dimen308
\l__spath_recty_dim=\dimen309
\g__spath_anon_int=\count342
)
\l__cal_tmpa_int=\count343
\l__cal_tmpb_int=\count344
\g__cal_path_component_int=\count345
\g__cal_label_int=\count346
\l__cal_tmpa_dim=\dimen310
\l__cal_tmpb_dim=\dimen311
\l__cal_tmpc_dim=\dimen312
\l__cal_tmpd_dim=\dimen313
\l__cal_tmpe_dim=\dimen314
\l__cal_tmpf_dim=\dimen315
\l__cal_tmpg_dim=\dimen316
\l__cal_tmph_dim=\dimen317
\l__cal_taper_width_dim=\dimen318
\l__cal_line_width_dim=\dimen319
)
(/usr/share/texmf-dist/tex/generic/pgf/frontendlayer/tikz/libraries/tikzlibrary
shapes.code.tex
File: tikzlibraryshapes.code.tex 2023-01-15 v3.1.10 (3.1.10)

(/usr/share/texmf-dist/tex/generic/pgf/frontendlayer/tikz/libraries/tikzlibrary
shapes.geometric.code.tex
File: tikzlibraryshapes.geometric.code.tex 2023-01-15 v3.1.10 (3.1.10)

(/usr/share/texmf-dist/tex/generic/pgf/libraries/shapes/pgflibraryshapes.geomet
ric.code.tex
File: pgflibraryshapes.geometric.code.tex 2023-01-15 v3.1.10 (3.1.10)
))
(/usr/share/texmf-dist/tex/generic/pgf/frontendlayer/tikz/libraries/tikzlibrary
shapes.misc.code.tex
File: tikzlibraryshapes.misc.code.tex 2023-01-15 v3.1.10 (3.1.10)

(/usr/share/texmf-dist/tex/generic/pgf/libraries/shapes/pgflibraryshapes.misc.c
ode.tex
File: pgflibraryshapes.misc.code.tex 2023-01-15 v3.1.10 (3.1.10)
))
(/usr/share/texmf-dist/tex/generic/pgf/frontendlayer/tikz/libraries/tikzlibrary
shapes.symbols.code.tex
File: tikzlibraryshapes.symbols.code.tex 2023-01-15 v3.1.10 (3.1.10)

(/usr/share/texmf-dist/tex/generic/pgf/libraries/shapes/pgflibraryshapes.symbol
s.code.tex
File: pgflibraryshapes.symbols.code.tex 2023-01-15 v3.1.10 (3.1.10)
))
(/usr/share/texmf-dist/tex/generic/pgf/frontendlayer/tikz/libraries/tikzlibrary
shapes.arrows.code.tex
File: tikzlibraryshapes.arrows.code.tex 2023-01-15 v3.1.10 (3.1.10)

(/usr/share/texmf-dist/tex/generic/pgf/libraries/shapes/pgflibraryshapes.arrows
.code.tex
File: pgflibraryshapes.arrows.code.tex 2023-01-15 v3.1.10 (3.1.10)
))
(/usr/share/texmf-dist/tex/generic/pgf/frontendlayer/tikz/libraries/tikzlibrary
shapes.callouts.code.tex
(/usr/share/texmf-dist/tex/generic/pgf/libraries/shapes/pgflibraryshapes.callou
ts.code.tex))
(/usr/share/texmf-dist/tex/generic/pgf/frontendlayer/tikz/libraries/tikzlibrary
shapes.multipart.code.tex
File: tikzlibraryshapes.multipart.code.tex 2023-01-15 v3.1.10 (3.1.10)

(/usr/share/texmf-dist/tex/generic/pgf/libraries/shapes/pgflibraryshapes.multip
art.code.tex
File: pgflibraryshapes.multipart.code.tex 2023-01-15 v3.1.10 (3.1.10)
\pgfnodepartlowerbox=\box75
\pgfnodeparttwobox=\box76
\pgfnodepartthreebox=\box77
\pgfnodepartfourbox=\box78
\pgfnodeparttwentybox=\box79
\pgfnodepartnineteenbox=\box80
\pgfnodeparteighteenbox=\box81
\pgfnodepartseventeenbox=\box82
\pgfnodepartsixteenbox=\box83
\pgfnodepartfifteenbox=\box84
\pgfnodepartfourteenbox=\box85
\pgfnodepartthirteenbox=\box86
\pgfnodeparttwelvebox=\box87
\pgfnodepartelevenbox=\box88
\pgfnodeparttenbox=\box89
\pgfnodepartninebox=\box90
\pgfnodeparteightbox=\box91
\pgfnodepartsevenbox=\box92
\pgfnodepartsixbox=\box93
\pgfnodepartfivebox=\box94
)))
(/usr/share/texmf-dist/tex/generic/pgf/frontendlayer/tikz/libraries/tikzlibrary
arrows.code.tex
File: tikzlibraryarrows.code.tex 2023-01-15 v3.1.10 (3.1.10)

(/usr/share/texmf-dist/tex/generic/pgf/libraries/pgflibraryarrows.code.tex
File: pgflibraryarrows.code.tex 2023-01-15 v3.1.10 (3.1.10)
\arrowsize=\dimen320
))
(/usr/share/texmf-dist/tex/generic/pgf/frontendlayer/tikz/libraries/tikzlibrary
calc.code.tex
File: tikzlibrarycalc.code.tex 2023-01-15 v3.1.10 (3.1.10)
) (/usr/share/texmf-dist/tex/latex/contour/contour.sty
Package: contour 2004/11/18 v2.14 Print contoured text (HH, MH)
\con@length=\skip71

Loading configuration file `contour.cfg'.
(/usr/share/texmf-dist/tex/latex/contour/contour.cfg
File: contour.cfg 2004/11/18 v2.14 Print contoured text (HH, MH)
)
contour: Using driver file `pdftex.cnt'.
(/usr/share/texmf-dist/tex/latex/contour/pdftex.cnt
File: pdftex.cnt 2004/11/18 v2.14 Print contoured text (HH, MH)
))
(/usr/share/texmf-dist/tex/latex/environ/environ.sty
Package: environ 2014/05/04 v0.3 A new way to define environments

(/usr/share/texmf-dist/tex/latex/trimspaces/trimspaces.sty
Package: trimspaces 2009/09/17 v1.1 Trim spaces around a token list
))
(/usr/share/texmf-dist/tex/latex/tikzscale/tikzscale.sty
Package: tikzscale 2013/05/22 v0.2.6 tikzscale LaTeX package

(/usr/share/texmf-dist/tex/latex/letltxmacro/letltxmacro.sty
Package: letltxmacro 2019/12/03 v1.6 Let assignment for LaTeX macros (HO)
)
(/usr/share/texmf-dist/tex/generic/xstring/xstring.sty
(/usr/share/texmf-dist/tex/generic/xstring/xstring.tex
\integerpart=\count347
\decimalpart=\count348
)
Package: xstring 2023/01/14 v1.85 String manipulations (CT)
)
\tikzscale@measuredSize=\box95
)
(/usr/share/texmf-dist/tex/latex/makecell/makecell.sty
Package: makecell 2009/08/03 V0.1e Managing of Tab Column Heads and Cells

(/usr/share/texmf-dist/tex/latex/tools/array.sty
Package: array 2022/09/04 v2.5g Tabular extension package (FMi)
\col@sep=\dimen321
\ar@mcellbox=\box96
\extrarowheight=\dimen322
\NC@list=\toks61
\extratabsurround=\skip72
\backup@length=\skip73
\ar@cellbox=\box97
)
\rotheadsize=\dimen323
\c@nlinenum=\count349
\TeXr@lab=\toks62
)
(/usr/share/texmf-dist/tex/latex/caption/subcaption.sty
Package: subcaption 2023/02/19 v1.6 Sub-captions (AR)

(/usr/share/texmf-dist/tex/latex/caption/caption.sty
Package: caption 2023/03/12 v3.6j Customizing captions (AR)

(/usr/share/texmf-dist/tex/latex/caption/caption3.sty
Package: caption3 2023/03/12 v2.4 caption3 kernel (AR)
\caption@tempdima=\dimen324
\captionmargin=\dimen325
\caption@leftmargin=\dimen326
\caption@rightmargin=\dimen327
\caption@width=\dimen328
\caption@indent=\dimen329
\caption@parindent=\dimen330
\caption@hangindent=\dimen331
Package caption Info: Standard document class detected.
)
\c@caption@flags=\count350
\c@continuedfloat=\count351
Package caption Info: listings package is loaded.
Package caption Info: longtable package is loaded.

(/usr/share/texmf-dist/tex/latex/caption/ltcaption.sty
Package: ltcaption 2021/01/08 v1.4c longtable captions (AR)
)
Package caption Info: supertabular package is loaded.
)
Package caption Info: New subtype `subfigure' on input line 239.
\c@subfigure=\count352
Package caption Info: New subtype `subtable' on input line 239.
\c@subtable=\count353
)
(/usr/share/texmf-dist/tex/latex/placeins/placeins.sty
Package: placeins 2005/04/18  v 2.2
)
(/usr/share/texmf-dist/tex/latex/appendix/appendix.sty
Package: appendix 2020/02/08 v1.2c extra appendix facilities
\c@@pps=\count354
\c@@ppsavesec=\count355
\c@@ppsaveapp=\count356
)
(/usr/share/texmf-dist/tex/latex/xassoccnt/xassoccnt.sty
Package: xassoccnt 2021/11/21 - v2.0

(/usr/share/texmf-dist/tex/latex/l3packages/l3keys2e/l3keys2e.sty
Package: l3keys2e 2023-02-02 LaTeX2e option processing using LaTeX3 keys
)
\g__xassoccnt_tmpa_int=\count357
\l__xassoccnt_tmpa_int=\count358
\l__xassoccnt_initialcountervalue_int=\count359
\g__xassoccnt_lastcountervalue_int=\count360
\g__xassoccnt_backupcalls_int=\count361
\l__xassoccnt_backuptmpa_int=\count362
\l_xassoccnt_resetlist_counter=\count363
)
Package xassoccnt Info: 2021/11/21-v2.0--steppingcounterssimultaneouslyandother
features on input line 29.

(/usr/share/texmf-dist/tex/latex/enumitem/enumitem.sty
Package: enumitem 2019/06/20 v3.9 Customized lists
\labelindent=\skip74
\enit@outerparindent=\dimen332
\enit@toks=\toks63
\enit@inbox=\box98
\enit@count@id=\count364
\enitdp@description=\count365
)
(/usr/share/texmf-dist/tex/latex/url/url.sty
\Urlmuskip=\muskip17
Package: url 2013/09/16  ver 3.4  Verb mode for urls, etc.
)
(/usr/share/texmf-dist/tex/latex/hyperref/hyperref.sty
Package: hyperref 2023-02-07 v7.00v Hypertext links for LaTeX

(/usr/share/texmf-dist/tex/generic/ltxcmds/ltxcmds.sty
Package: ltxcmds 2020-05-10 v1.25 LaTeX kernel commands for general use (HO)
)
(/usr/share/texmf-dist/tex/generic/pdftexcmds/pdftexcmds.sty
Package: pdftexcmds 2020-06-27 v0.33 Utility functions of pdfTeX for LuaTeX (HO
)

(/usr/share/texmf-dist/tex/generic/infwarerr/infwarerr.sty
Package: infwarerr 2019/12/03 v1.5 Providing info/warning/error messages (HO)
)
Package pdftexcmds Info: \pdf@primitive is available.
Package pdftexcmds Info: \pdf@ifprimitive is available.
Package pdftexcmds Info: \pdfdraftmode found.
)
(/usr/share/texmf-dist/tex/latex/kvsetkeys/kvsetkeys.sty
Package: kvsetkeys 2022-10-05 v1.19 Key value parser (HO)
)
(/usr/share/texmf-dist/tex/generic/kvdefinekeys/kvdefinekeys.sty
Package: kvdefinekeys 2019-12-19 v1.6 Define keys (HO)
)
(/usr/share/texmf-dist/tex/generic/pdfescape/pdfescape.sty
Package: pdfescape 2019/12/09 v1.15 Implements pdfTeX's escape features (HO)
)
(/usr/share/texmf-dist/tex/latex/hycolor/hycolor.sty
Package: hycolor 2020-01-27 v1.10 Color options for hyperref/bookmark (HO)
)
(/usr/share/texmf-dist/tex/latex/auxhook/auxhook.sty
Package: auxhook 2019-12-17 v1.6 Hooks for auxiliary files (HO)
)
(/usr/share/texmf-dist/tex/latex/hyperref/nameref.sty
Package: nameref 2022-05-17 v2.50 Cross-referencing by name of section

(/usr/share/texmf-dist/tex/latex/refcount/refcount.sty
Package: refcount 2019/12/15 v3.6 Data extraction from label references (HO)
)
(/usr/share/texmf-dist/tex/generic/gettitlestring/gettitlestring.sty
Package: gettitlestring 2019/12/15 v1.6 Cleanup title references (HO)

(/usr/share/texmf-dist/tex/latex/kvoptions/kvoptions.sty
Package: kvoptions 2022-06-15 v3.15 Key value format for package options (HO)
))
\c@section@level=\count366
)
\@linkdim=\dimen333
\Hy@linkcounter=\count367
\Hy@pagecounter=\count368

(/usr/share/texmf-dist/tex/latex/hyperref/pd1enc.def
File: pd1enc.def 2023-02-07 v7.00v Hyperref: PDFDocEncoding definition (HO)
Now handling font encoding PD1 ...
... no UTF-8 mapping file for font encoding PD1
)
(/usr/share/texmf-dist/tex/generic/intcalc/intcalc.sty
Package: intcalc 2019/12/15 v1.3 Expandable calculations with integers (HO)
)
(/usr/share/texmf-dist/tex/generic/etexcmds/etexcmds.sty
Package: etexcmds 2019/12/15 v1.7 Avoid name clashes with e-TeX commands (HO)
)
\Hy@SavedSpaceFactor=\count369

(/usr/share/texmf-dist/tex/latex/hyperref/puenc.def
File: puenc.def 2023-02-07 v7.00v Hyperref: PDF Unicode definition (HO)
Now handling font encoding PU ...
... no UTF-8 mapping file for font encoding PU
)
Package hyperref Info: Hyper figures OFF on input line 4177.
Package hyperref Info: Link nesting OFF on input line 4182.
Package hyperref Info: Hyper index ON on input line 4185.
Package hyperref Info: Plain pages OFF on input line 4192.
Package hyperref Info: Backreferencing OFF on input line 4197.
Package hyperref Info: Implicit mode ON; LaTeX internals redefined.
Package hyperref Info: Bookmarks ON on input line 4425.
\c@Hy@tempcnt=\count370
LaTeX Info: Redefining \url on input line 4763.
\XeTeXLinkMargin=\dimen334

(/usr/share/texmf-dist/tex/generic/bitset/bitset.sty
Package: bitset 2019/12/09 v1.3 Handle bit-vector datatype (HO)

(/usr/share/texmf-dist/tex/generic/bigintcalc/bigintcalc.sty
Package: bigintcalc 2019/12/15 v1.5 Expandable calculations on big integers (HO
)
))
\Fld@menulength=\count371
\Field@Width=\dimen335
\Fld@charsize=\dimen336
Package hyperref Info: Hyper figures OFF on input line 6042.
Package hyperref Info: Link nesting OFF on input line 6047.
Package hyperref Info: Hyper index ON on input line 6050.
Package hyperref Info: backreferencing OFF on input line 6057.
Package hyperref Info: Link coloring OFF on input line 6062.
Package hyperref Info: Link coloring with OCG OFF on input line 6067.
Package hyperref Info: PDF/A mode OFF on input line 6072.

(/usr/share/texmf-dist/tex/latex/base/atbegshi-ltx.sty
Package: atbegshi-ltx 2021/01/10 v1.0c Emulation of the original atbegshi
package with kernel methods
)
\Hy@abspage=\count372
\c@Item=\count373
\c@Hfootnote=\count374
)
Package hyperref Info: Driver (autodetected): hpdftex.

(/usr/share/texmf-dist/tex/latex/hyperref/hpdftex.def
File: hpdftex.def 2023-02-07 v7.00v Hyperref driver for pdfTeX

(/usr/share/texmf-dist/tex/latex/base/atveryend-ltx.sty
Package: atveryend-ltx 2020/08/19 v1.0a Emulation of the original atveryend pac
kage
with kernel methods
)
\Fld@listcount=\count375
\c@bookmark@seq@number=\count376

(/usr/share/texmf-dist/tex/latex/rerunfilecheck/rerunfilecheck.sty
Package: rerunfilecheck 2022-07-10 v1.10 Rerun checks for auxiliary files (HO)

(/usr/share/texmf-dist/tex/generic/uniquecounter/uniquecounter.sty
Package: uniquecounter 2019/12/15 v1.4 Provide unlimited unique counter (HO)
)
Package uniquecounter Info: New unique counter `rerunfilecheck' on input line 2
85.
)
\Hy@SectionHShift=\skip75
))
(/usr/share/texmf-dist/tex/latex/cleveref/cleveref.sty
Package: cleveref 2018/03/27 v0.21.4 Intelligent cross-referencing
Package cleveref Info: `hyperref' support loaded on input line 2370.
LaTeX Info: Redefining \cref on input line 2370.
LaTeX Info: Redefining \Cref on input line 2370.
LaTeX Info: Redefining \crefrange on input line 2370.
LaTeX Info: Redefining \Crefrange on input line 2370.
LaTeX Info: Redefining \cpageref on input line 2370.
LaTeX Info: Redefining \Cpageref on input line 2370.
LaTeX Info: Redefining \cpagerefrange on input line 2370.
LaTeX Info: Redefining \Cpagerefrange on input line 2370.
LaTeX Info: Redefining \labelcref on input line 2370.
LaTeX Info: Redefining \labelcpageref on input line 2370.
Package cleveref Info: `amsthm' support loaded on input line 3026.
Package cleveref Info: `listings' support loaded on input line 3131.
) (./presets.tex)
\tikzscale@accuracy=\skip76

(./main.aux)
\openout1 = `main.aux'.

LaTeX Font Info:    Checking defaults for OML/cmm/m/it on input line 8.
LaTeX Font Info:    ... okay on input line 8.
LaTeX Font Info:    Checking defaults for OMS/cmsy/m/n on input line 8.
LaTeX Font Info:    ... okay on input line 8.
LaTeX Font Info:    Checking defaults for OT1/cmr/m/n on input line 8.
LaTeX Font Info:    ... okay on input line 8.
LaTeX Font Info:    Checking defaults for T1/cmr/m/n on input line 8.
LaTeX Font Info:    ... okay on input line 8.
LaTeX Font Info:    Checking defaults for TS1/cmr/m/n on input line 8.
LaTeX Font Info:    ... okay on input line 8.
LaTeX Font Info:    Checking defaults for OMX/cmex/m/n on input line 8.
LaTeX Font Info:    ... okay on input line 8.
LaTeX Font Info:    Checking defaults for U/cmr/m/n on input line 8.
LaTeX Font Info:    ... okay on input line 8.
LaTeX Font Info:    Checking defaults for PD1/pdf/m/n on input line 8.
LaTeX Font Info:    ... okay on input line 8.
LaTeX Font Info:    Checking defaults for PU/pdf/m/n on input line 8.
LaTeX Font Info:    ... okay on input line 8.

*geometry* driver: auto-detecting
*geometry* detected driver: pdftex
*geometry* verbose mode - [ preamble ] result:
* driver: pdftex
* paper: a4paper
* layout: <same size as paper>
* layoutoffset:(h,v)=(0.0pt,0.0pt)
* modes: 
* h-part:(L,W,R)=(81.94394pt, 433.62pt, 81.94394pt)
* v-part:(T,H,B)=(106.75473pt, 578.15999pt, 160.13213pt)
* \paperwidth=597.50787pt
* \paperheight=845.04684pt
* \textwidth=433.62pt
* \textheight=578.15999pt
* \oddsidemargin=9.67395pt
* \evensidemargin=9.67395pt
* \topmargin=-2.51526pt
* \headheight=12.0pt
* \headsep=25.0pt
* \topskip=10.0pt
* \footskip=30.0pt
* \marginparwidth=65.0pt
* \marginparsep=11.0pt
* \columnsep=10.0pt
* \skip\footins=9.0pt plus 4.0pt minus 2.0pt
* \hoffset=0.0pt
* \voffset=0.0pt
* \mag=1000
* \@twocolumnfalse
* \@twosidefalse
* \@mparswitchfalse
* \@reversemarginfalse
* (1in=72.27pt=25.4mm, 1cm=28.453pt)

(/usr/share/texmf-dist/tex/context/base/mkii/supp-pdf.mkii
[Loading MPS to PDF converter (version 2006.09.02).]
\scratchcounter=\count377
\scratchdimen=\dimen337
\scratchbox=\box99
\nofMPsegments=\count378
\nofMParguments=\count379
\everyMPshowfont=\toks64
\MPscratchCnt=\count380
\MPscratchDim=\dimen338
\MPnumerator=\count381
\makeMPintoPDFobject=\count382
\everyMPtoPDFconversion=\toks65
) (/usr/share/texmf-dist/tex/latex/epstopdf-pkg/epstopdf-base.sty
Package: epstopdf-base 2020-01-24 v2.11 Base part for package epstopdf
Package epstopdf-base Info: Redefining graphics rule for `.eps' on input line 4
85.

(/usr/share/texmf-dist/tex/latex/latexconfig/epstopdf-sys.cfg
File: epstopdf-sys.cfg 2010/07/13 v1.3 Configuration of (r)epstopdf for TeX Liv
e
))
\c@lstlisting=\count383


Package pgfplots Warning: running in backwards compatibility mode (unsuitable t
ick labels; missing features). Consider writing \pgfplotsset{compat=1.18} into 
your preamble.
 on input line 8.

(./main.glsdefs)
Package caption Info: Begin \AtBeginDocument code.
Package caption Info: hyperref package is loaded.
Package caption Info: End \AtBeginDocument code.
Package hyperref Info: Link coloring OFF on input line 8.
 (./main.out) (./main.out)
\@outlinefile=\write4
\openout4 = `main.out'.

LaTeX Font Info:    Trying to load font information for U+msa on input line 15.


(/usr/share/texmf-dist/tex/latex/amsfonts/umsa.fd
File: umsa.fd 2013/01/14 v3.01 AMS symbols A
)
LaTeX Font Info:    Trying to load font information for U+msb on input line 15.


(/usr/share/texmf-dist/tex/latex/amsfonts/umsb.fd
File: umsb.fd 2013/01/14 v3.01 AMS symbols B
) (./abstract.tex)
(./introduction.tex

LaTeX Warning: `h' float specifier changed to `ht'.

[1

{/var/lib/texmf/fonts/map/pdftex/updmap/pdftex.map}]) (./background.tex
[2]) (./proposedSolution.tex [3{/usr/share/texmf-dist/fonts/enc/dvips/cm-super/
cm-super-ts1.enc}] [4]

LaTeX Warning: `h' float specifier changed to `ht'.

[5] [6]) (./results.tex
<../../Images/EncodedDecodedCR64_1.png, id=195, 1178.001pt x 359.9046pt>
File: ../../Images/EncodedDecodedCR64_1.png Graphic file (type png)
<use ../../Images/EncodedDecodedCR64_1.png>
Package pdftex.def Info: ../../Images/EncodedDecodedCR64_1.png  used on input l
ine 20.
(pdftex.def)             Requested size: 433.62pt x 132.48164pt.
<../../Images/EncodedDecodedCR64_2.png, id=197, 1178.001pt x 359.9046pt>
File: ../../Images/EncodedDecodedCR64_2.png Graphic file (type png)
<use ../../Images/EncodedDecodedCR64_2.png>
Package pdftex.def Info: ../../Images/EncodedDecodedCR64_2.png  used on input l
ine 26.
(pdftex.def)             Requested size: 433.62pt x 132.48164pt.
<../../Images/EncodedDecodedCR64_3.png, id=198, 1178.001pt x 359.9046pt>
File: ../../Images/EncodedDecodedCR64_3.png Graphic file (type png)
<use ../../Images/EncodedDecodedCR64_3.png>
Package pdftex.def Info: ../../Images/EncodedDecodedCR64_3.png  used on input l
ine 32.
(pdftex.def)             Requested size: 433.62pt x 132.48164pt.


LaTeX Warning: `h' float specifier changed to `ht'.

[7] [8 <../../Images/EncodedDecodedCR64_1.png> <../../Images/EncodedDecodedCR64
_2.png> <../../Images/EncodedDecodedCR64_3.png>]
<../../Images/Presentation_Segment_CR64_all_thresholds.png, id=223, 561.5379pt 
x 338.2236pt>
File: ../../Images/Presentation_Segment_CR64_all_thresholds.png Graphic file (t
ype png)
<use ../../Images/Presentation_Segment_CR64_all_thresholds.png>
Package pdftex.def Info: ../../Images/Presentation_Segment_CR64_all_thresholds.
png  used on input line 54.
(pdftex.def)             Requested size: 212.47617pt x 127.97409pt.
<../../Images/Presentation_Segment_CR64_thresholds_drawn.png, id=224, 561.5379p
t x 338.2236pt>
File: ../../Images/Presentation_Segment_CR64_thresholds_drawn.png Graphic file 
(type png)
<use ../../Images/Presentation_Segment_CR64_thresholds_drawn.png>
Package pdftex.def Info: ../../Images/Presentation_Segment_CR64_thresholds_draw
n.png  used on input line 61.
(pdftex.def)             Requested size: 212.47617pt x 127.97409pt.
<../../Images/Presentation_Segment_CR2.png, id=229, 561.5379pt x 338.2236pt>
File: ../../Images/Presentation_Segment_CR2.png Graphic file (type png)
<use ../../Images/Presentation_Segment_CR2.png>
Package pdftex.def Info: ../../Images/Presentation_Segment_CR2.png  used on inp
ut line 81.
(pdftex.def)             Requested size: 212.47617pt x 127.97409pt.
<../../Images/Presentation_Segment_CR64.png, id=230, 561.5379pt x 338.2236pt>
File: ../../Images/Presentation_Segment_CR64.png Graphic file (type png)
<use ../../Images/Presentation_Segment_CR64.png>
Package pdftex.def Info: ../../Images/Presentation_Segment_CR64.png  used on in
put line 88.
(pdftex.def)             Requested size: 212.47617pt x 127.97409pt.


LaTeX Warning: `h' float specifier changed to `ht'.

[9

 <../../Images/Presentation_Segment_CR64_all_thresholds.png> <../../Images/Pres
entation_Segment_CR64_thresholds_drawn.png>]
<../../Images/mse.png, id=242, 459.6372pt x 323.7696pt>
File: ../../Images/mse.png Graphic file (type png)
<use ../../Images/mse.png>
Package pdftex.def Info: ../../Images/mse.png  used on input line 105.
(pdftex.def)             Requested size: 208.13574pt x 146.61388pt.
<../../Images/snr.png, id=245, 440.1243pt x 323.7696pt>
File: ../../Images/snr.png Graphic file (type png)
<use ../../Images/snr.png>
Package pdftex.def Info: ../../Images/snr.png  used on input line 111.
(pdftex.def)             Requested size: 208.13574pt x 153.11533pt.
 [10 <../../Images/Presentation_Segment_CR2.png> <../../Images/Presentation_Seg
ment_CR64.png> <../../Images/mse.png> <../../Images/snr.png>]
<../../Images/spikes_threshold_045.png, id=262, 356.2911pt x 349.0641pt>
File: ../../Images/spikes_threshold_045.png Graphic file (type png)
<use ../../Images/spikes_threshold_045.png>
Package pdftex.def Info: ../../Images/spikes_threshold_045.png  used on input l
ine 138.
(pdftex.def)             Requested size: 216.81pt x 212.41747pt.
<../../Images/spikes_threshold_055.png, id=263, 349.7868pt x 349.0641pt>
File: ../../Images/spikes_threshold_055.png Graphic file (type png)
<use ../../Images/spikes_threshold_055.png>
Package pdftex.def Info: ../../Images/spikes_threshold_055.png  used on input l
ine 144.
(pdftex.def)             Requested size: 216.81pt x 216.36424pt.
<../../Images/percentage_decoded.png, id=269, 578.16pt x 361.35pt>
File: ../../Images/percentage_decoded.png Graphic file (type png)
<use ../../Images/percentage_decoded.png>
Package pdftex.def Info: ../../Images/percentage_decoded.png  used on input lin
e 167.
(pdftex.def)             Requested size: 433.62pt x 271.01184pt.


LaTeX Warning: `h' float specifier changed to `ht'.

[11 <../../Images/spikes_threshold_045.png> <../../Images/spikes_threshold_055.
png>]) (./conclusion.tex [12 <../../Images/percentage_decoded.png>])
(./main.bbl
Underfull \hbox (badness 10000) in paragraph at lines 4--7
[]\OT1/cmr/m/n/10 Amd de-vel-op-ment con-tainer.  []$\OT1/cmtt/m/n/10 https : /
 / hub . docker . com /
 []


Underfull \hbox (badness 10000) in paragraph at lines 4--7
\OT1/cmtt/m/n/10 layers / rocm / tensorflow / rocm5 . 2 . 0 -[] tf2 . 7 -[] dev
 / images / sha256 -[]
 []


Underfull \hbox (badness 10000) in paragraph at lines 4--7
\OT1/cmtt/m/n/10 8e2d6cb3bf997574c87dc9faf021bd03bcf753b6ebd64ace69eced1f59dba6
2e ? context =
 []

[13]) (./appendix.tex
<../../Images/CR_2.png, id=298, 510.90875pt x 1002.74625pt>
File: ../../Images/CR_2.png Graphic file (type png)
<use ../../Images/CR_2.png>
Package pdftex.def Info: ../../Images/CR_2.png  used on input line 6.
(pdftex.def)             Requested size: 216.81pt x 425.52654pt.
<../../Images/CR_4.png, id=299, 510.90875pt x 1002.74625pt>
File: ../../Images/CR_4.png Graphic file (type png)
<use ../../Images/CR_4.png>
Package pdftex.def Info: ../../Images/CR_4.png  used on input line 10.
(pdftex.def)             Requested size: 216.81pt x 425.52654pt.

Overfull \hbox (2.22221pt too wide) in paragraph at lines 5--13
[][] [] 
 []

<../../Images/CR_8.png, id=300, 510.90875pt x 1446.40375pt>
File: ../../Images/CR_8.png Graphic file (type png)
<use ../../Images/CR_8.png>
Package pdftex.def Info: ../../Images/CR_8.png  used on input line 17.
(pdftex.def)             Requested size: 216.80981pt x 578.15399pt.
<../../Images/CR_16.png, id=301, 510.90875pt x 1446.40375pt>
File: ../../Images/CR_16.png Graphic file (type png)
<use ../../Images/CR_16.png>
Package pdftex.def Info: ../../Images/CR_16.png  used on input line 21.
(pdftex.def)             Requested size: 216.80981pt x 578.15399pt.

Overfull \hbox (2.22221pt too wide) in paragraph at lines 16--24
[][] [] 
 []


LaTeX Warning: Float too large for page by 16.994pt on input line 24.

<../../Images/CR_32.png, id=302, 510.90875pt x 1669.23625pt>
File: ../../Images/CR_32.png Graphic file (type png)
<use ../../Images/CR_32.png>
Package pdftex.def Info: ../../Images/CR_32.png  used on input line 28.
(pdftex.def)             Requested size: 212.47533pt x 578.154pt.
<../../Images/CR_64.png, id=303, 510.90875pt x 1669.23625pt>
File: ../../Images/CR_64.png Graphic file (type png)
<use ../../Images/CR_64.png>
Package pdftex.def Info: ../../Images/CR_64.png  used on input line 32.
(pdftex.def)             Requested size: 212.47533pt x 578.154pt.

LaTeX Warning: Float too large for page by 16.99402pt on input line 35.

<../../Images/CR_128.png, id=304, 510.90875pt x 1891.065pt>
File: ../../Images/CR_128.png Graphic file (type png)
<use ../../Images/CR_128.png>
Package pdftex.def Info: ../../Images/CR_128.png  used on input line 39.
(pdftex.def)             Requested size: 156.20503pt x 578.15999pt.

LaTeX Warning: Float too large for page by 39.0pt on input line 44.

[14]
pdfTeX warning (ext4): destination with the same identifier (name{page.}) has b
een already used, duplicate ignored
<to be read again> 
                   \relax 
l.45 \FloatBarrier
                   [14 <../../Images/CR_2.png> <../../Images/CR_4.png>]
pdfTeX warning (ext4): destination with the same identifier (name{page.}) has b
een already used, duplicate ignored
<to be read again> 
                   \relax 
l.45 \FloatBarrier
                   [14 <../../Images/CR_8.png> <../../Images/CR_16.png>]
pdfTeX warning (ext4): destination with the same identifier (name{page.}) has b
een already used, duplicate ignored
<to be read again> 
                   \relax 
l.45 \FloatBarrier
                   [14 <../../Images/CR_32.png> <../../Images/CR_64.png>]
pdfTeX warning (ext4): destination with the same identifier (name{page.}) has b
een already used, duplicate ignored
<to be read again> 
                   \relax 
l.45 \FloatBarrier
                   [14 <../../Images/CR_128.png>]

LaTeX Warning: No positions in optional float specifier.
               Default added (so using `tbp') on input line 47.

<../../Images/spikes_threshold_00.png, id=329, 343.2825pt x 349.0641pt>
File: ../../Images/spikes_threshold_00.png Graphic file (type png)
<use ../../Images/spikes_threshold_00.png>
Package pdftex.def Info: ../../Images/spikes_threshold_00.png  used on input li
ne 49.
(pdftex.def)             Requested size: 216.81pt x 220.46014pt.
<../../Images/spikes_threshold_005.png, id=330, 343.2825pt x 349.0641pt>
File: ../../Images/spikes_threshold_005.png Graphic file (type png)
<use ../../Images/spikes_threshold_005.png>
Package pdftex.def Info: ../../Images/spikes_threshold_005.png  used on input l
ine 52.
(pdftex.def)             Requested size: 216.81pt x 220.46014pt.
<../../Images/spikes_threshold_01.png, id=331, 343.2825pt x 349.0641pt>
File: ../../Images/spikes_threshold_01.png Graphic file (type png)
<use ../../Images/spikes_threshold_01.png>
Package pdftex.def Info: ../../Images/spikes_threshold_01.png  used on input li
ne 56.
(pdftex.def)             Requested size: 216.81pt x 220.46014pt.
<../../Images/spikes_threshold_015.png, id=332, 343.2825pt x 349.0641pt>
File: ../../Images/spikes_threshold_015.png Graphic file (type png)
<use ../../Images/spikes_threshold_015.png>
Package pdftex.def Info: ../../Images/spikes_threshold_015.png  used on input l
ine 59.
(pdftex.def)             Requested size: 216.81pt x 220.46014pt.
<../../Images/spikes_threshold_02.png, id=333, 343.2825pt x 349.0641pt>
File: ../../Images/spikes_threshold_02.png Graphic file (type png)
<use ../../Images/spikes_threshold_02.png>
Package pdftex.def Info: ../../Images/spikes_threshold_02.png  used on input li
ne 63.
(pdftex.def)             Requested size: 216.81pt x 220.46014pt.
<../../Images/spikes_threshold_025.png, id=334, 343.2825pt x 349.0641pt>
File: ../../Images/spikes_threshold_025.png Graphic file (type png)
<use ../../Images/spikes_threshold_025.png>
Package pdftex.def Info: ../../Images/spikes_threshold_025.png  used on input l
ine 66.
(pdftex.def)             Requested size: 216.81pt x 220.46014pt.

Overfull \hbox (2.22221pt too wide) in paragraph at lines 48--68
[][] []
 []


Overfull \hbox (2.22221pt too wide) in paragraph at lines 48--68
[] []
 []


Overfull \hbox (2.22221pt too wide) in paragraph at lines 48--68
[] [] 
 []


LaTeX Warning: Float too large for page by 85.22044pt on input line 68.

<../../Images/spikes_threshold_03.png, id=335, 349.7868pt x 349.0641pt>
File: ../../Images/spikes_threshold_03.png Graphic file (type png)
<use ../../Images/spikes_threshold_03.png>
Package pdftex.def Info: ../../Images/spikes_threshold_03.png  used on input li
ne 73.
(pdftex.def)             Requested size: 216.81pt x 216.36424pt.
<../../Images/spikes_threshold_035.png, id=336, 349.7868pt x 349.0641pt>
File: ../../Images/spikes_threshold_035.png Graphic file (type png)
<use ../../Images/spikes_threshold_035.png>
Package pdftex.def Info: ../../Images/spikes_threshold_035.png  used on input l
ine 76.
(pdftex.def)             Requested size: 216.81pt x 216.36424pt.
<../../Images/spikes_threshold_04.png, id=337, 349.7868pt x 349.0641pt>
File: ../../Images/spikes_threshold_04.png Graphic file (type png)
<use ../../Images/spikes_threshold_04.png>
Package pdftex.def Info: ../../Images/spikes_threshold_04.png  used on input li
ne 80.
(pdftex.def)             Requested size: 216.81pt x 216.36424pt.
File: ../../Images/spikes_threshold_045.png Graphic file (type png)
<use ../../Images/spikes_threshold_045.png>
Package pdftex.def Info: ../../Images/spikes_threshold_045.png  used on input l
ine 83.
(pdftex.def)             Requested size: 216.81pt x 212.41747pt.
File: ../../Images/spikes_threshold_055.png Graphic file (type png)
<use ../../Images/spikes_threshold_055.png>
Package pdftex.def Info: ../../Images/spikes_threshold_055.png  used on input l
ine 87.
(pdftex.def)             Requested size: 216.81pt x 216.36424pt.
<../../Images/spikes_threshold_06.png, id=338, 343.2825pt x 349.0641pt>
File: ../../Images/spikes_threshold_06.png Graphic file (type png)
<use ../../Images/spikes_threshold_06.png>
Package pdftex.def Info: ../../Images/spikes_threshold_06.png  used on input li
ne 90.
(pdftex.def)             Requested size: 216.81pt x 220.46014pt.

Overfull \hbox (2.22221pt too wide) in paragraph at lines 72--92
[][] []
 []


Overfull \hbox (2.22221pt too wide) in paragraph at lines 72--92
[] []
 []


Overfull \hbox (2.22221pt too wide) in paragraph at lines 72--92
[] [] 
 []


LaTeX Warning: Float too large for page by 77.02864pt on input line 92.

<../../Images/spikes_threshold_065.png, id=339, 343.2825pt x 349.0641pt>
File: ../../Images/spikes_threshold_065.png Graphic file (type png)
<use ../../Images/spikes_threshold_065.png>
Package pdftex.def Info: ../../Images/spikes_threshold_065.png  used on input l
ine 96.
(pdftex.def)             Requested size: 216.81pt x 220.46014pt.
<../../Images/spikes_threshold_07.png, id=340, 343.2825pt x 349.0641pt>
File: ../../Images/spikes_threshold_07.png Graphic file (type png)
<use ../../Images/spikes_threshold_07.png>
Package pdftex.def Info: ../../Images/spikes_threshold_07.png  used on input li
ne 99.
(pdftex.def)             Requested size: 216.81pt x 220.46014pt.
<../../Images/spikes_threshold_075.png, id=341, 343.2825pt x 349.0641pt>
File: ../../Images/spikes_threshold_075.png Graphic file (type png)
<use ../../Images/spikes_threshold_075.png>
Package pdftex.def Info: ../../Images/spikes_threshold_075.png  used on input l
ine 103.
(pdftex.def)             Requested size: 216.81pt x 220.46014pt.
<../../Images/spikes_threshold_08.png, id=342, 337.5009pt x 349.0641pt>
File: ../../Images/spikes_threshold_08.png Graphic file (type png)
<use ../../Images/spikes_threshold_08.png>
Package pdftex.def Info: ../../Images/spikes_threshold_08.png  used on input li
ne 106.
(pdftex.def)             Requested size: 216.81pt x 224.23648pt.
<../../Images/spikes_threshold_085.png, id=343, 337.5009pt x 349.0641pt>
File: ../../Images/spikes_threshold_085.png Graphic file (type png)
<use ../../Images/spikes_threshold_085.png>
Package pdftex.def Info: ../../Images/spikes_threshold_085.png  used on input l
ine 110.
(pdftex.def)             Requested size: 216.81pt x 224.23648pt.
<../../Images/spikes_threshold_09.png, id=344, 337.5009pt x 349.0641pt>
File: ../../Images/spikes_threshold_09.png Graphic file (type png)
<use ../../Images/spikes_threshold_09.png>
Package pdftex.def Info: ../../Images/spikes_threshold_09.png  used on input li
ne 113.
(pdftex.def)             Requested size: 216.81pt x 224.23648pt.

Overfull \hbox (2.22221pt too wide) in paragraph at lines 95--115
[][] []
 []


Overfull \hbox (2.22221pt too wide) in paragraph at lines 95--115
[] []
 []


Overfull \hbox (2.22221pt too wide) in paragraph at lines 95--115
[] [] 
 []


LaTeX Warning: Float too large for page by 92.77312pt on input line 115.

<../../Images/spikes_threshold_095.png, id=345, 337.5009pt x 349.0641pt>
File: ../../Images/spikes_threshold_095.png Graphic file (type png)
<use ../../Images/spikes_threshold_095.png>
Package pdftex.def Info: ../../Images/spikes_threshold_095.png  used on input l
ine 119.
(pdftex.def)             Requested size: 216.81pt x 224.23648pt.

pdfTeX warning (ext4): destination with the same identifier (name{page.}) has b
een already used, duplicate ignored
<to be read again> 
                   \relax 
l.125 \FloatBarrier
                    [14 <../../Images/spikes_threshold_00.png> <../../Images/sp
ikes_threshold_005.png> <../../Images/spikes_threshold_01.png> <../../Images/sp
ikes_threshold_015.png> <../../Images/spikes_threshold_02.png> <../../Images/sp
ikes_threshold_025.png>]
pdfTeX warning (ext4): destination with the same identifier (name{page.}) has b
een already used, duplicate ignored
<to be read again> 
                   \relax 
l.125 \FloatBarrier
                    [14 <../../Images/spikes_threshold_03.png> <../../Images/sp
ikes_threshold_035.png> <../../Images/spikes_threshold_04.png> <../../Images/sp
ikes_threshold_06.png>]
pdfTeX warning (ext4): destination with the same identifier (name{page.}) has b
een already used, duplicate ignored
<to be read again> 
                   \relax 
l.125 \FloatBarrier
                    [14 <../../Images/spikes_threshold_065.png> <../../Images/s
pikes_threshold_07.png> <../../Images/spikes_threshold_075.png> <../../Images/s
pikes_threshold_08.png> <../../Images/spikes_threshold_085.png> <../../Images/s
pikes_threshold_09.png>]
pdfTeX warning (ext4): destination with the same identifier (name{page.}) has b
een already used, duplicate ignored
<to be read again> 
                   \relax 
l.125 \FloatBarrier
                    [14 <../../Images/spikes_threshold_095.png>]) (./main.aux)
Package rerunfilecheck Info: File `main.out' has not changed.
(rerunfilecheck)             Checksum: 90FA05D9F3C1957023352C6025A26CA1;2228.
 ) 
Here is how much of TeX's memory you used:
 47414 strings out of 476025
 1075394 string characters out of 5796532
 1889388 words of memory out of 5000000
 66983 multiletter control sequences out of 15000+600000
 524156 words of font info for 77 fonts, out of 8000000 for 9000
 1141 hyphenation exceptions out of 8191
 99i,20n,134p,2297b,849s stack positions out of 5000i,500n,10000p,200000b,80000s
</usr/share/texmf-dist/fonts/type1/public/amsfonts/cm/cmbx10.pfb></usr/share/
texmf-dist/fonts/type1/public/amsfonts/cm/cmbx12.pfb></usr/share/texmf-dist/fon
ts/type1/public/amsfonts/cm/cmbx9.pfb></usr/share/texmf-dist/fonts/type1/public
/amsfonts/cm/cmex10.pfb></usr/share/texmf-dist/fonts/type1/public/amsfonts/cm/c
mmi10.pfb></usr/share/texmf-dist/fonts/type1/public/amsfonts/cm/cmmi7.pfb></usr
/share/texmf-dist/fonts/type1/public/amsfonts/cm/cmmi9.pfb></usr/share/texmf-di
st/fonts/type1/public/amsfonts/cm/cmr10.pfb></usr/share/texmf-dist/fonts/type1/
public/amsfonts/cm/cmr12.pfb></usr/share/texmf-dist/fonts/type1/public/amsfonts
/cm/cmr17.pfb></usr/share/texmf-dist/fonts/type1/public/amsfonts/cm/cmr7.pfb></
usr/share/texmf-dist/fonts/type1/public/amsfonts/cm/cmr9.pfb></usr/share/texmf-
dist/fonts/type1/public/amsfonts/cm/cmsy10.pfb></usr/share/texmf-dist/fonts/typ
e1/public/amsfonts/cm/cmsy7.pfb></usr/share/texmf-dist/fonts/type1/public/amsfo
nts/cm/cmti10.pfb></usr/share/texmf-dist/fonts/type1/public/amsfonts/cm/cmtt10.
pfb></usr/share/texmf-dist/fonts/type1/public/cm-super/sfrm1000.pfb>
Output written on main.pdf (22 pages, 1788680 bytes).
PDF statistics:
 472 PDF objects out of 1000 (max. 8388607)
 336 compressed objects within 4 object streams
 82 named destinations out of 1000 (max. 500000)
 321 words of extra memory for PDF output out of 10000 (max. 10000000)

